<?xml version="1.0" encoding="UTF-8"?>
<testsuite xmlns:xsi="http://www.w3.org/2001/XMLSchema-instance" xsi:noNamespaceSchemaLocation="https://maven.apache.org/surefire/maven-surefire-plugin/xsd/surefire-test-report-3.0.xsd" version="3.0" name="com.project.KoiBookingSystem.KoiBookingSystemApplicationTests" time="6.245" tests="1" errors="0" skipped="0" failures="0">
  <properties>
[...]
</properties>
  <testcase name="contextLoads" classname="com.project.KoiBookingSystem.KoiBookingSystemApplicationTests" time="0.396">
    <system-out><![CDATA[13:29:39.252 [main] INFO org.springframework.test.context.support.AnnotationConfigContextLoaderUtils -- Could not detect default configuration classes for test class [com.project.KoiBookingSystem.KoiBookingSystemApplicationTests]: KoiBookingSystemApplicationTests does not declare any static, non-private, non-final, nested classes annotated with @Configuration.
13:29:39.360 [main] INFO org.springframework.boot.test.context.SpringBootTestContextBootstrapper -- Found @SpringBootConfiguration com.project.KoiBookingSystem.KoiBookingSystemApplication for test class com.project.KoiBookingSystem.KoiBookingSystemApplicationTests

  .   ____          _            __ _ _
 /\\ / ___'_ __ _ _(_)_ __  __ _ \ \ \ \
( ( )\___ | '_ | '_| | '_ \/ _` | \ \ \ \
 \\/  ___)| |_)| | | | | || (_| |  ) ) ) )
  '  |____| .__|_| |_|_| |_\__, | / / / /
 =========|_|==============|___/=/_/_/_/

 :: Spring Boot ::                (v3.3.4)

2024-10-07T13:29:39.757+07:00  INFO 34496 --- [KoiBookingSystem] [           main] c.p.K.KoiBookingSystemApplicationTests   : Starting KoiBookingSystemApplicationTests using Java 17.0.12 with PID 34496 (started by DELL in D:\BT_SpringBoot\KoiBookingSystem\KoiBookingSystem)
2024-10-07T13:29:39.759+07:00  INFO 34496 --- [KoiBookingSystem] [           main] c.p.K.KoiBookingSystemApplicationTests   : No active profile set, falling back to 1 default profile: "default"
2024-10-07T13:29:40.572+07:00  INFO 34496 --- [KoiBookingSystem] [           main] .s.d.r.c.RepositoryConfigurationDelegate : Bootstrapping Spring Data JPA repositories in DEFAULT mode.
2024-10-07T13:29:40.642+07:00  INFO 34496 --- [KoiBookingSystem] [           main] .s.d.r.c.RepositoryConfigurationDelegate : Finished Spring Data repository scanning in 64 ms. Found 9 JPA repository interfaces.
2024-10-07T13:29:41.138+07:00  INFO 34496 --- [KoiBookingSystem] [           main] o.hibernate.jpa.internal.util.LogHelper  : HHH000204: Processing PersistenceUnitInfo [name: default]
2024-10-07T13:29:41.212+07:00  INFO 34496 --- [KoiBookingSystem] [           main] org.hibernate.Version                    : HHH000412: Hibernate ORM core version 6.5.3.Final
2024-10-07T13:29:41.255+07:00  INFO 34496 --- [KoiBookingSystem] [           main] o.h.c.internal.RegionFactoryInitiator    : HHH000026: Second-level cache disabled
2024-10-07T13:29:41.592+07:00  INFO 34496 --- [KoiBookingSystem] [           main] o.s.o.j.p.SpringPersistenceUnitInfo      : No LoadTimeWeaver setup: ignoring JPA class transformer
2024-10-07T13:29:41.624+07:00  INFO 34496 --- [KoiBookingSystem] [           main] com.zaxxer.hikari.HikariDataSource       : HikariPool-1 - Starting...
2024-10-07T13:29:41.915+07:00  INFO 34496 --- [KoiBookingSystem] [           main] com.zaxxer.hikari.pool.HikariPool        : HikariPool-1 - Added connection com.mysql.cj.jdbc.ConnectionImpl@478089b6
2024-10-07T13:29:41.917+07:00  INFO 34496 --- [KoiBookingSystem] [           main] com.zaxxer.hikari.HikariDataSource       : HikariPool-1 - Start completed.
2024-10-07T13:29:41.973+07:00  WARN 34496 --- [KoiBookingSystem] [           main] org.hibernate.orm.deprecation            : HHH90000025: MySQLDialect does not need to be specified explicitly using 'hibernate.dialect' (remove the property setting and it will be selected by default)
2024-10-07T13:29:43.048+07:00  INFO 34496 --- [KoiBookingSystem] [           main] o.h.e.t.j.p.i.JtaPlatformInitiator       : HHH000489: No JTA platform available (set 'hibernate.transaction.jta.platform' to enable JTA platform integration)
2024-10-07T13:29:43.215+07:00  INFO 34496 --- [KoiBookingSystem] [           main] j.LocalContainerEntityManagerFactoryBean : Initialized JPA EntityManagerFactory for persistence unit 'default'
2024-10-07T13:29:43.600+07:00  WARN 34496 --- [KoiBookingSystem] [           main] JpaBaseConfiguration$JpaWebConfiguration : spring.jpa.open-in-view is enabled by default. Therefore, database queries may be performed during view rendering. Explicitly configure spring.jpa.open-in-view to disable this warning
2024-10-07T13:29:43.792+07:00  INFO 34496 --- [KoiBookingSystem] [           main] r$InitializeUserDetailsManagerConfigurer : Global AuthenticationManager configured with UserDetailsService bean with name authenticationService
2024-10-07T13:29:43.934+07:00  INFO 34496 --- [KoiBookingSystem] [           main] o.s.d.j.r.query.QueryEnhancerFactory     : Hibernate is in classpath; If applicable, HQL parser will be used.
2024-10-07T13:29:44.929+07:00  INFO 34496 --- [KoiBookingSystem] [           main] c.p.K.KoiBookingSystemApplicationTests   : Started KoiBookingSystemApplicationTests in 5.436 seconds (process running for 6.457)
]]></system-out>
  </testcase>
</testsuite>